   0.00000000       0.00000000    
   3619.33276       54.8383713    
   7238.66553       54.8383713    
   10803.1367       54.8383713    
   14422.4375       54.8383713    
   18041.7383       54.8383713    
   21606.2012       54.8383713    
   25225.5020       54.8383713    
   28844.8027       54.8383713    
   32409.2656       54.8383713    
   36028.6836       54.8383713    
   39648.1133       54.8383713    
   43212.7031       54.8383713    
   46832.1328       54.8383713    
   50451.5625       54.8383713    
   54016.1523       54.8383713    
   57635.5820       54.8383713    
   61255.0117       54.8383636    
   64819.6016       54.8383408    
   68438.8281       54.8383484    
   72003.1641       54.8383636    
   75622.3359       54.8383522    
   79241.5078       54.8383560    
   82805.8438       54.8383675    
